5s
Run cd ios
Command line invocation:
    /Applications/Xcode_16.4.app/Contents/Developer/usr/bin/xcodebuild -workspace App/App.xcworkspace -scheme App -configuration Debug -destination generic/platform=iOS -allowProvisioningUpdates DEVELOPMENT_TEAM=*** build

Build settings from command line:
    DEVELOPMENT_TEAM = ***

ComputePackagePrebuildTargetDependencyGraph

Prepare packages

CreateBuildRequest

SendProjectDescription

CreateBuildOperation

ComputeTargetDependencyGraph
note: Building targets in dependency order
note: Target dependency graph (10 targets)
    Target 'App' in project 'App'
        ➜ Implicit dependency on target 'Pods-App' in project 'Pods' via file 'Pods_App.framework' in build phase 'Link Binary'
        ➜ Implicit dependency on target 'Capacitor' in project 'Pods' via options '-framework Capacitor' in build setting 'OTHER_LDFLAGS'
        ➜ Implicit dependency on target 'CapacitorApp' in project 'Pods' via options '-framework CapacitorApp' in build setting 'OTHER_LDFLAGS'
        ➜ Implicit dependency on target 'CapacitorDevice' in project 'Pods' via options '-framework CapacitorDevice' in build setting 'OTHER_LDFLAGS'
        ➜ Implicit dependency on target 'CapacitorNetwork' in project 'Pods' via options '-framework CapacitorNetwork' in build setting 'OTHER_LDFLAGS'
        ➜ Implicit dependency on target 'CapacitorSplashScreen' in project 'Pods' via options '-framework CapacitorSplashScreen' in build setting 'OTHER_LDFLAGS'
        ➜ Implicit dependency on target 'CapacitorStatusBar' in project 'Pods' via options '-framework CapacitorStatusBar' in build setting 'OTHER_LDFLAGS'
        ➜ Implicit dependency on target 'CapacitorToast' in project 'Pods' via options '-framework CapacitorToast' in build setting 'OTHER_LDFLAGS'
        ➜ Implicit dependency on target 'CapacitorCordova' in project 'Pods' via options '-framework Cordova' in build setting 'OTHER_LDFLAGS'
    Target 'Pods-App' in project 'Pods'
        ➜ Explicit dependency on target 'Capacitor' in project 'Pods'
        ➜ Explicit dependency on target 'CapacitorApp' in project 'Pods'
        ➜ Explicit dependency on target 'CapacitorCordova' in project 'Pods'
        ➜ Explicit dependency on target 'CapacitorDevice' in project 'Pods'
        ➜ Explicit dependency on target 'CapacitorNetwork' in project 'Pods'
        ➜ Explicit dependency on target 'CapacitorSplashScreen' in project 'Pods'
        ➜ Explicit dependency on target 'CapacitorStatusBar' in project 'Pods'
        ➜ Explicit dependency on target 'CapacitorToast' in project 'Pods'
    Target 'CapacitorToast' in project 'Pods'
        ➜ Explicit dependency on target 'Capacitor' in project 'Pods'
    Target 'CapacitorStatusBar' in project 'Pods'
        ➜ Explicit dependency on target 'Capacitor' in project 'Pods'
    Target 'CapacitorSplashScreen' in project 'Pods'
        ➜ Explicit dependency on target 'Capacitor' in project 'Pods'
    Target 'CapacitorNetwork' in project 'Pods'
        ➜ Explicit dependency on target 'Capacitor' in project 'Pods'
    Target 'CapacitorDevice' in project 'Pods'
        ➜ Explicit dependency on target 'Capacitor' in project 'Pods'
    Target 'CapacitorApp' in project 'Pods'
        ➜ Explicit dependency on target 'Capacitor' in project 'Pods'
    Target 'Capacitor' in project 'Pods'
        ➜ Explicit dependency on target 'CapacitorCordova' in project 'Pods'
    Target 'CapacitorCordova' in project 'Pods' (no dependencies)

GatherProvisioningInputs

CreateBuildDescription

ExecuteExternalTool /Applications/Xcode_16.4.app/Contents/Developer/Toolchains/XcodeDefault.xctoolchain/usr/bin/clang -v -E -dM -arch arm64 -isysroot /Applications/Xcode_16.4.app/Contents/Developer/Platforms/iPhoneOS.platform/Developer/SDKs/iPhoneOS18.5.sdk -x c -c /dev/null

ExecuteExternalTool /Applications/Xcode_16.4.app/Contents/Developer/usr/bin/ibtool --version --output-format xml1

ExecuteExternalTool /Applications/Xcode_16.4.app/Contents/Developer/usr/bin/actool --print-asset-tag-combinations --output-format xml1 /Users/runner/work/IeltsPrep/IeltsPrep/ios/App/App/Assets.xcassets

ExecuteExternalTool /Applications/Xcode_16.4.app/Contents/Developer/Toolchains/XcodeDefault.xctoolchain/usr/bin/clang -v -E -dM -isysroot /Applications/Xcode_16.4.app/Contents/Developer/Platforms/iPhoneOS.platform/Developer/SDKs/iPhoneOS18.5.sdk -x c -c /dev/null

ExecuteExternalTool /Applications/Xcode_16.4.app/Contents/Developer/Toolchains/XcodeDefault.xctoolchain/usr/bin/clang -v -E -dM -arch arm64 -isysroot /Applications/Xcode_16.4.app/Contents/Developer/Platforms/iPhoneOS.platform/Developer/SDKs/iPhoneOS18.5.sdk -x objective-c -c /dev/null

ExecuteExternalTool /Applications/Xcode_16.4.app/Contents/Developer/Toolchains/XcodeDefault.xctoolchain/usr/bin/ld -version_details

ExecuteExternalTool /Applications/Xcode_16.4.app/Contents/Developer/Toolchains/XcodeDefault.xctoolchain/usr/bin/swiftc --version

** BUILD FAILED **
ExecuteExternalTool /Applications/Xcode_16.4.app/Contents/Developer/Toolchains/XcodeDefault.xctoolchain/usr/bin/libtool -V



ExecuteExternalTool /Applications/Xcode_16.4.app/Contents/Developer/usr/bin/actool --version --output-format xml1
The following build commands failed:

	Building workspace App with scheme App and configuration Debug
Build description signature: c3b5c29c427d0296eaca0635d7910276
(1 failure)
Build description path: /Users/runner/Library/Developer/Xcode/DerivedData/App-exivvfubnbjqqoexymrsndfhshlc/Build/Intermediates.noindex/XCBuildData/c3b5c29c427d0296eaca0635d7910276.xcbuilddata
/Users/runner/work/IeltsPrep/IeltsPrep/ios/App/App.xcodeproj: error: No Accounts: Add a new account in Accounts settings. (in target 'App' from project 'App')
/Users/runner/work/IeltsPrep/IeltsPrep/ios/App/App.xcodeproj: error: No profiles for 'com.ieltsaiprep.app' were found: Xcode couldn't find any iOS App Development provisioning profiles matching 'com.ieltsaiprep.app'. (in target 'App' from project 'App')
warning: Run script build phase '[CP] Embed Pods Frameworks' will be run during every build because it does not specify any outputs. To address this issue, either add output dependencies to the script phase, or configure it to run in every build by unchecking "Based on dependency analysis" in the script phase. (in target 'App' from project 'App')
Error: Process completed with exit code 65.